<?xml version="1.0" encoding="UTF-8"?>
<!-- Generated by org.testng.reporters.JUnitReportReporter -->
<testsuite skipped="0" hostname="DESKTOP-AFC5U0K" name="Test.BasicOfRestAssured" tests="2" failures="0" timestamp="2020-02-15T11:20:49 IST" time="6.146" errors="0">
  <testcase name="TestF1" time="4.572" classname="Test.BasicOfRestAssured"/>
  <testcase name="TestGoogle" time="1.574" classname="Test.BasicOfRestAssured"/>
</testsuite> <!-- Test.BasicOfRestAssured -->
